c:\users\владелец\downloads\flux-hack-master\fluxhack\flux-hack\release\vc142.pdb
c:\users\владелец\downloads\flux-hack-master\fluxhack\flux-hack\release\vmt.obj
c:\users\владелец\downloads\flux-hack-master\fluxhack\flux-hack\release\vector.obj
c:\users\владелец\downloads\flux-hack-master\fluxhack\flux-hack\release\patternscanning.obj
c:\users\владелец\downloads\flux-hack-master\fluxhack\flux-hack\release\surface.obj
c:\users\владелец\downloads\flux-hack-master\fluxhack\flux-hack\release\scheme.obj
c:\users\владелец\downloads\flux-hack-master\fluxhack\flux-hack\release\predictionandmovement.obj
c:\users\владелец\downloads\flux-hack-master\fluxhack\flux-hack\release\panel.obj
c:\users\владелец\downloads\flux-hack-master\fluxhack\flux-hack\release\modelinfo.obj
c:\users\владелец\downloads\flux-hack-master\fluxhack\flux-hack\release\glua.obj
c:\users\владелец\downloads\flux-hack-master\fluxhack\flux-hack\release\globals.obj
c:\users\владелец\downloads\flux-hack-master\fluxhack\flux-hack\release\entitylist.obj
c:\users\владелец\downloads\flux-hack-master\fluxhack\flux-hack\release\enginetrace.obj
c:\users\владелец\downloads\flux-hack-master\fluxhack\flux-hack\release\engine.obj
c:\users\владелец\downloads\flux-hack-master\fluxhack\flux-hack\release\interfacemanager.obj
c:\users\владелец\downloads\flux-hack-master\fluxhack\flux-hack\release\inputmanager.obj
c:\users\владелец\downloads\flux-hack-master\fluxhack\flux-hack\release\console.obj
c:\users\владелец\downloads\flux-hack-master\fluxhack\flux-hack\release\main.obj
c:\users\владелец\downloads\flux-hack-master\fluxhack\flux-hack\release\luaengine.obj
c:\users\владелец\downloads\flux-hack-master\fluxhack\release\flux-hack.lib
c:\users\владелец\downloads\flux-hack-master\fluxhack\release\flux-hack.exp
c:\users\владелец\downloads\flux-hack-master\fluxhack\release\flux-hack.ipdb
c:\users\владелец\downloads\flux-hack-master\fluxhack\release\flux-hack.iobj
c:\users\владелец\downloads\flux-hack-master\fluxhack\release\flux-hack.dll
c:\users\владелец\downloads\flux-hack-master\fluxhack\flux-hack\release\flux-hack.tlog\cl.command.1.tlog
c:\users\владелец\downloads\flux-hack-master\fluxhack\flux-hack\release\flux-hack.tlog\cl.read.1.tlog
c:\users\владелец\downloads\flux-hack-master\fluxhack\flux-hack\release\flux-hack.tlog\cl.write.1.tlog
c:\users\владелец\downloads\flux-hack-master\fluxhack\flux-hack\release\flux-hack.tlog\flux-hack.write.1u.tlog
c:\users\владелец\downloads\flux-hack-master\fluxhack\flux-hack\release\flux-hack.tlog\link.command.1.tlog
c:\users\владелец\downloads\flux-hack-master\fluxhack\flux-hack\release\flux-hack.tlog\link.read.1.tlog
c:\users\владелец\downloads\flux-hack-master\fluxhack\flux-hack\release\flux-hack.tlog\link.write.1.tlog
