  LuaEngine.cpp
  main.cpp
  Console.cpp
  InputManager.cpp
C:\Users\Владелец\Downloads\flux-Hack-master\fluxHack\flux-Hack\main.cpp(440,2): warning C4091:  static : пропускается слева от "vrect_t", когда ни одна переменная не объявлена
C:\Users\Владелец\Downloads\flux-Hack-master\fluxHack\flux-Hack\sdk\Vector.h(247,28): warning C4227:  устаревший элемент: пропуск квалификаторов для ссылки
C:\Users\Владелец\Downloads\flux-Hack-master\fluxHack\flux-Hack\sdk\Vector.h(251,28): warning C4227:  устаревший элемент: пропуск квалификаторов для ссылки
C:\Users\Владелец\Downloads\flux-Hack-master\fluxHack\flux-Hack\sdk\Vector.h(255,28): warning C4227:  устаревший элемент: пропуск квалификаторов для ссылки
C:\Users\Владелец\Downloads\flux-Hack-master\fluxHack\flux-Hack\sdk\Vector.h(164,14): warning C4244:  return: преобразование "double" в "vec_t", возможна потеря данных
C:\Users\Владелец\Downloads\flux-Hack-master\fluxHack\flux-Hack\sdk\Vector.h(208,47): warning C4244:  =: преобразование "double" в "float", возможна потеря данных
C:\Users\Владелец\Downloads\flux-Hack-master\fluxHack\flux-Hack\sdk\Vector.h(212,14): warning C4244:  =: преобразование "double" в "float", возможна потеря данных
C:\Users\Владелец\Downloads\flux-Hack-master\fluxHack\flux-Hack\sdk\Vector.h(213,43): warning C4244:  =: преобразование "double" в "float", возможна потеря данных
C:\Users\Владелец\Downloads\flux-Hack-master\fluxHack\flux-Hack\sdk\Vector.h(226,14): warning C4244:  =: преобразование "double" в "float", возможна потеря данных
C:\Users\Владелец\Downloads\flux-Hack-master\fluxHack\flux-Hack\sdk\Vector.h(227,16): warning C4244:  =: преобразование "double" в "float", возможна потеря данных
C:\Users\Владелец\Downloads\flux-Hack-master\fluxHack\flux-Hack\sdk\InputManager.h(106,25): warning C4244:  аргумент: преобразование "const int" в "float", возможна потеря данных
  InterfaceManager.cpp
C:\Users\Владелец\Downloads\flux-Hack-master\fluxHack\flux-Hack\sdk\InputManager.h(106,18): warning C4244:  аргумент: преобразование "const int" в "float", возможна потеря данных
C:\Users\Владелец\Downloads\flux-Hack-master\fluxHack\flux-Hack\sdk\Vector.h(4,16): warning C4099:  lua_State: имя типа, ранее отображенное с помощью "struct", теперь отображено с помощью "class"
C:\Users\Владелец\Downloads\flux-Hack-master\fluxHack\flux-Hack\lua\include\lua.h(56): message :   см. объявление "lua_State"
C:\Users\Владелец\Downloads\flux-Hack-master\fluxHack\flux-Hack\sdk\Vector.h(247,28): warning C4227:  устаревший элемент: пропуск квалификаторов для ссылки
C:\Users\Владелец\Downloads\flux-Hack-master\fluxHack\flux-Hack\sdk\Vector.h(251,28): warning C4227:  устаревший элемент: пропуск квалификаторов для ссылки
C:\Users\Владелец\Downloads\flux-Hack-master\fluxHack\flux-Hack\sdk\Vector.h(255,28): warning C4227:  устаревший элемент: пропуск квалификаторов для ссылки
C:\Users\Владелец\Downloads\flux-Hack-master\fluxHack\flux-Hack\sdk\Vector.h(208,47): warning C4244:  =: преобразование "double" в "float", возможна потеря данных
  Engine.cpp
C:\Users\Владелец\Downloads\flux-Hack-master\fluxHack\flux-Hack\sdk\Vector.h(213,43): warning C4244:  =: преобразование "double" в "float", возможна потеря данных
C:\Users\Владелец\Downloads\flux-Hack-master\fluxHack\flux-Hack\sdk\Vector.h(4,16): warning C4099:  lua_State: имя типа, ранее отображенное с помощью "struct", теперь отображено с помощью "class"
C:\Users\Владелец\Downloads\flux-Hack-master\fluxHack\flux-Hack\lua\include\lua.h(56): message :   см. объявление "lua_State"
C:\Users\Владелец\Downloads\flux-Hack-master\fluxHack\flux-Hack\sdk\Vector.h(247,28): warning C4227:  устаревший элемент: пропуск квалификаторов для ссылки
C:\Users\Владелец\Downloads\flux-Hack-master\fluxHack\flux-Hack\sdk\Vector.h(251,28): warning C4227:  устаревший элемент: пропуск квалификаторов для ссылки
C:\Users\Владелец\Downloads\flux-Hack-master\fluxHack\flux-Hack\sdk\Vector.h(255,28): warning C4227:  устаревший элемент: пропуск квалификаторов для ссылки
C:\Users\Владелец\Downloads\flux-Hack-master\fluxHack\flux-Hack\sdk\Vector.h(164,14): warning C4244:  return: преобразование "double" в "vec_t", возможна потеря данных
C:\Users\Владелец\Downloads\flux-Hack-master\fluxHack\flux-Hack\sdk\Vector.h(208,47): warning C4244:  =: преобразование "double" в "float", возможна потеря данных
C:\Users\Владелец\Downloads\flux-Hack-master\fluxHack\flux-Hack\sdk\Vector.h(212,14): warning C4244:  =: преобразование "double" в "float", возможна потеря данных
C:\Users\Владелец\Downloads\flux-Hack-master\fluxHack\flux-Hack\sdk\Vector.h(213,43): warning C4244:  =: преобразование "double" в "float", возможна потеря данных
C:\Users\Владелец\Downloads\flux-Hack-master\fluxHack\flux-Hack\sdk\Vector.h(226,14): warning C4244:  =: преобразование "double" в "float", возможна потеря данных
  EngineTrace.cpp
C:\Users\Владелец\Downloads\flux-Hack-master\fluxHack\flux-Hack\sdk\Vector.h(227,16): warning C4244:  =: преобразование "double" в "float", возможна потеря данных
C:\Users\Владелец\Downloads\flux-Hack-master\fluxHack\flux-Hack\sdk\Vector.h(247,28): warning C4227:  устаревший элемент: пропуск квалификаторов для ссылки
C:\Users\Владелец\Downloads\flux-Hack-master\fluxHack\flux-Hack\sdk\Vector.h(251,28): warning C4227:  устаревший элемент: пропуск квалификаторов для ссылки
C:\Users\Владелец\Downloads\flux-Hack-master\fluxHack\flux-Hack\sdk\Vector.h(255,28): warning C4227:  устаревший элемент: пропуск квалификаторов для ссылки
C:\Users\Владелец\Downloads\flux-Hack-master\fluxHack\flux-Hack\sdk\Vector.h(164,14): warning C4244:  return: преобразование "double" в "vec_t", возможна потеря данных
C:\Users\Владелец\Downloads\flux-Hack-master\fluxHack\flux-Hack\sdk\Vector.h(208,47): warning C4244:  =: преобразование "double" в "float", возможна потеря данных
C:\Users\Владелец\Downloads\flux-Hack-master\fluxHack\flux-Hack\sdk\Vector.h(212,14): warning C4244:  =: преобразование "double" в "float", возможна потеря данных
C:\Users\Владелец\Downloads\flux-Hack-master\fluxHack\flux-Hack\sdk\Vector.h(213,43): warning C4244:  =: преобразование "double" в "float", возможна потеря данных
C:\Users\Владелец\Downloads\flux-Hack-master\fluxHack\flux-Hack\sdk\Vector.h(226,14): warning C4244:  =: преобразование "double" в "float", возможна потеря данных
C:\Users\Владелец\Downloads\flux-Hack-master\fluxHack\flux-Hack\sdk\Vector.h(227,16): warning C4244:  =: преобразование "double" в "float", возможна потеря данных
C:\Users\Владелец\Downloads\flux-Hack-master\fluxHack\flux-Hack\lua\include\lua.h(56,35): warning C4099:  lua_State: имя типа, ранее отображенное с помощью "class", теперь отображено с помощью "struct"
  EntityList.cpp
  Globals.cpp
  GLua.cpp
  ModelInfo.cpp
C:\Users\Владелец\Downloads\flux-Hack-master\fluxHack\flux-Hack\sdk\Vector.h(4): message :   см. объявление "lua_State"
C:\Users\Владелец\Downloads\flux-Hack-master\fluxHack\flux-Hack\sdk\Vector.h(247,28): warning C4227:  устаревший элемент: пропуск квалификаторов для ссылки
C:\Users\Владелец\Downloads\flux-Hack-master\fluxHack\flux-Hack\sdk\Vector.h(251,28): warning C4227:  устаревший элемент: пропуск квалификаторов для ссылки
C:\Users\Владелец\Downloads\flux-Hack-master\fluxHack\flux-Hack\sdk\Vector.h(255,28): warning C4227:  устаревший элемент: пропуск квалификаторов для ссылки
C:\Users\Владелец\Downloads\flux-Hack-master\fluxHack\flux-Hack\sdk\Vector.h(164,14): warning C4244:  return: преобразование "double" в "vec_t", возможна потеря данных
C:\Users\Владелец\Downloads\flux-Hack-master\fluxHack\flux-Hack\sdk\Vector.h(208,47): warning C4244:  =: преобразование "double" в "float", возможна потеря данных
C:\Users\Владелец\Downloads\flux-Hack-master\fluxHack\flux-Hack\sdk\Vector.h(212,14): warning C4244:  =: преобразование "double" в "float", возможна потеря данных
C:\Users\Владелец\Downloads\flux-Hack-master\fluxHack\flux-Hack\sdk\Vector.h(213,43): warning C4244:  =: преобразование "double" в "float", возможна потеря данных
C:\Users\Владелец\Downloads\flux-Hack-master\fluxHack\flux-Hack\sdk\Vector.h(226,14): warning C4244:  =: преобразование "double" в "float", возможна потеря данных
C:\Users\Владелец\Downloads\flux-Hack-master\fluxHack\flux-Hack\sdk\Vector.h(227,16): warning C4244:  =: преобразование "double" в "float", возможна потеря данных
C:\Users\Владелец\Downloads\flux-Hack-master\fluxHack\flux-Hack\lua\include\lua.h(56,35): warning C4099:  lua_State: имя типа, ранее отображенное с помощью "class", теперь отображено с помощью "struct"
  Panel.cpp
  Predictionandmovement.cpp
C:\Users\Владелец\Downloads\flux-Hack-master\fluxHack\flux-Hack\sdk\Vector.h(4): message :   см. объявление "lua_State"
C:\Users\Владелец\Downloads\flux-Hack-master\fluxHack\flux-Hack\sdk\Vector.h(4,16): warning C4099:  lua_State: имя типа, ранее отображенное с помощью "struct", теперь отображено с помощью "class"
C:\Users\Владелец\Downloads\flux-Hack-master\fluxHack\flux-Hack\lua\include\lua.h(56): message :   см. объявление "lua_State"
C:\Users\Владелец\Downloads\flux-Hack-master\fluxHack\flux-Hack\sdk\Vector.h(247,28): warning C4227:  устаревший элемент: пропуск квалификаторов для ссылки
C:\Users\Владелец\Downloads\flux-Hack-master\fluxHack\flux-Hack\sdk\Vector.h(251,28): warning C4227:  устаревший элемент: пропуск квалификаторов для ссылки
C:\Users\Владелец\Downloads\flux-Hack-master\fluxHack\flux-Hack\sdk\Vector.h(255,28): warning C4227:  устаревший элемент: пропуск квалификаторов для ссылки
C:\Users\Владелец\Downloads\flux-Hack-master\fluxHack\flux-Hack\sdk\Vector.h(164,14): warning C4244:  return: преобразование "double" в "vec_t", возможна потеря данных
C:\Users\Владелец\Downloads\flux-Hack-master\fluxHack\flux-Hack\sdk\Vector.h(208,47): warning C4244:  =: преобразование "double" в "float", возможна потеря данных
C:\Users\Владелец\Downloads\flux-Hack-master\fluxHack\flux-Hack\sdk\Vector.h(212,14): warning C4244:  =: преобразование "double" в "float", возможна потеря данных
C:\Users\Владелец\Downloads\flux-Hack-master\fluxHack\flux-Hack\sdk\Vector.h(213,43): warning C4244:  =: преобразование "double" в "float", возможна потеря данных
C:\Users\Владелец\Downloads\flux-Hack-master\fluxHack\flux-Hack\sdk\Vector.h(226,14): warning C4244:  =: преобразование "double" в "float", возможна потеря данных
  Scheme.cpp
  surface.cpp
  PatternScanning.cpp
  Vector.cpp
C:\Users\Владелец\Downloads\flux-Hack-master\fluxHack\flux-Hack\sdk\Vector.h(227,16): warning C4244:  =: преобразование "double" в "float", возможна потеря данных
C:\Users\Владелец\Downloads\flux-Hack-master\fluxHack\flux-Hack\sdk\Vector.h(247,28): warning C4227:  устаревший элемент: пропуск квалификаторов для ссылки
C:\Users\Владелец\Downloads\flux-Hack-master\fluxHack\flux-Hack\sdk\Vector.h(251,28): warning C4227:  устаревший элемент: пропуск квалификаторов для ссылки
C:\Users\Владелец\Downloads\flux-Hack-master\fluxHack\flux-Hack\sdk\Vector.h(255,28): warning C4227:  устаревший элемент: пропуск квалификаторов для ссылки
C:\Users\Владелец\Downloads\flux-Hack-master\fluxHack\flux-Hack\sdk\Vector.h(164,14): warning C4244:  return: преобразование "double" в "vec_t", возможна потеря данных
C:\Users\Владелец\Downloads\flux-Hack-master\fluxHack\flux-Hack\sdk\Vector.h(208,47): warning C4244:  =: преобразование "double" в "float", возможна потеря данных
C:\Users\Владелец\Downloads\flux-Hack-master\fluxHack\flux-Hack\sdk\Vector.h(212,14): warning C4244:  =: преобразование "double" в "float", возможна потеря данных
C:\Users\Владелец\Downloads\flux-Hack-master\fluxHack\flux-Hack\sdk\Vector.h(213,43): warning C4244:  =: преобразование "double" в "float", возможна потеря данных
C:\Users\Владелец\Downloads\flux-Hack-master\fluxHack\flux-Hack\sdk\Vector.h(226,14): warning C4244:  =: преобразование "double" в "float", возможна потеря данных
  VMT.cpp
C:\Users\Владелец\Downloads\flux-Hack-master\fluxHack\flux-Hack\sdk\Vector.h(227,16): warning C4244:  =: преобразование "double" в "float", возможна потеря данных
     Создается библиотека C:\Users\Владелец\Downloads\flux-Hack-master\fluxHack\Release\flHack.lib и объект C:\Users\Владелец\Downloads\flux-Hack-master\fluxHack\Release\flHack.exp
  Создание кода
  Previous IPDB not found, fall back to full compilation.
  All 2574 functions were compiled because no usable IPDB/IOBJ from previous compilation was found.
  Создание кода завершено
  flux-Hack.vcxproj -> C:\Users\Владелец\Downloads\flux-Hack-master\fluxHack\Release\flHack.dll
